<?xml version="1.0" encoding="UTF-8"?>
<!-- Generated by org.testng.reporters.JUnitReportReporter -->
<testsuite hostname="AsRock" failures="0" tests="1" name="com.cucumber.test.FinalCucumber" time="14.039" errors="0" timestamp="2023-02-19T13:40:01 EST" skipped="0">
  <testcase classname="com.cucumber.test.FinalCucumber" name="runScenario" time="14.039"/>
  <system-out/>
</testsuite> <!-- com.cucumber.test.FinalCucumber -->
