<?xml version="1.0" encoding="UTF-8"?>
<!-- Generated by org.testng.reporters.JUnitReportReporter -->
<testsuite hostname="ASROCK-Desktop" failures="0" tests="1" name="com.cucumber.test.CucumberRunner" time="21.332" errors="0" timestamp="2023-03-06T18:12:29 EST" skipped="0">
  <testcase classname="com.cucumber.test.CucumberRunner" name="runScenario" time="21.332"/>
  <system-out/>
</testsuite> <!-- com.cucumber.test.CucumberRunner -->
